<?xml version="1.0" encoding="UTF-8"?>
<!-- Generated by org.testng.reporters.JUnitReportReporter -->
<testsuite hostname="LAPTOP-C1873E79" failures="0" tests="1" name="test.MobileTest" time="75.096" errors="0" timestamp="2021-01-31T21:51:17 GMT-05:00" skipped="0">
  <testcase classname="test.MobileTest" name="mobileTest" time="75.096"/>
  <system-out/>
</testsuite> <!-- test.MobileTest -->
