<?xml version="1.0" encoding="UTF-8"?>
<!-- Generated by org.testng.reporters.JUnitReportReporter -->
<testsuite hostname="LAPTOP-C1873E79" failures="0" tests="3" name="test.NavigationTests" time="56.889" errors="0" timestamp="2021-01-31T23:04:15 GMT-05:00" skipped="0">
  <testcase classname="test.NavigationTests" name="wishlistNavigationTest" time="24.485"/>
  <system-out/>
  <testcase classname="test.NavigationTests" name="NavigationToAmazonPayTest" time="19.389"/>
  <system-out/>
  <testcase classname="test.NavigationTests" name="NavigationToNewReleasesTest" time="13.015"/>
  <system-out/>
</testsuite> <!-- test.NavigationTests -->
