<?xml version="1.0" encoding="UTF-8"?>
<!-- Generated by org.testng.reporters.JUnitReportReporter -->
<testsuite hostname="LAPTOP-C1873E79" failures="0" tests="1" name="test.UrlAndTitleTest" time="22.402" errors="0" timestamp="2021-01-31T23:04:15 GMT-05:00" skipped="0">
  <testcase classname="test.UrlAndTitleTest" name="urlAndTitleTest" time="22.402"/>
  <system-out/>
</testsuite> <!-- test.UrlAndTitleTest -->
